<?xml version="1.0" encoding="UTF-8"?>
<!-- Generated by org.testng.reporters.JUnitReportReporter -->
<testsuite skipped="0" hostname="ojt8-PC" name="driverFactory.AppTest" tests="1" failures="0" timestamp="6 Nov 2019 13:39:34 GMT" time="42.098" errors="0">
  <testcase name="kickStart" time="42.098" classname="driverFactory.AppTest"/>
</testsuite> <!-- driverFactory.AppTest -->
