<?xml version="1.0" encoding="UTF-8"?>
<!-- Generated by org.testng.reporters.JUnitReportReporter -->
<testsuite skipped="0" hostname="ojt8-PC" name="driverFactory.DataDrivenFramework" tests="1" failures="0" timestamp="29 Oct 2019 13:20:42 GMT" time="79.203" errors="0">
  <testcase name="stock" time="79.203" classname="driverFactory.DataDrivenFramework"/>
</testsuite> <!-- driverFactory.DataDrivenFramework -->
