<?xml version="1.0" encoding="UTF-8"?>
<!-- Generated by org.testng.reporters.JUnitReportReporter -->
<testsuite hostname="ojt8-PC" name="driverFactory.DriverScript" tests="1" failures="0" timestamp="9 Nov 2019 14:25:30 GMT" time="65.875" errors="0">
  <testcase name="startTest" time="65.875" classname="driverFactory.DriverScript"/>
</testsuite> <!-- driverFactory.DriverScript -->
